android_gif_drawable_demo/build/outputs/logs/manifest-merger-debug-report.txt
-- Merging decision tree log ---
manifest
ADDED from src\main\AndroidManifest.xml:2:1-40:12
	package
		ADDED from src\main\AndroidManifest.xml:3:5-30
		INJECTED from src\main\AndroidManifest.xml
		INJECTED from src\main\AndroidManifest.xml
	android:versionName
		ADDED from src\main\AndroidManifest.xml:5:5-30
		INJECTED from src\main\AndroidManifest.xml
		INJECTED from src\main\AndroidManifest.xml
	android:versionCode
		ADDED from src\main\AndroidManifest.xml:4:5-28
		INJECTED from src\main\AndroidManifest.xml
		INJECTED from src\main\AndroidManifest.xml
	xmlns:android
		ADDED from src\main\AndroidManifest.xml:2:11-69
uses-sdk
ADDED from src\main\AndroidManifest.xml:7:5-9:41
MERGED from [com.android.support:support-v4:24.2.0] AndroidManifest.xml:21:5-23:54
MERGED from [com.android.support:support-compat:24.2.0] AndroidManifest.xml:21:5-23:58
MERGED from [com.android.support:support-core-utils:24.2.0] AndroidManifest.xml:21:5-23:61
MERGED from [com.android.support:support-media-compat:24.2.0] AndroidManifest.xml:21:5-23:63
MERGED from [com.android.support:support-core-ui:24.2.0] AndroidManifest.xml:21:5-23:58
MERGED from [com.android.support:support-fragment:24.2.0] AndroidManifest.xml:21:5-23:60
MERGED from [pl.droidsonroids.gif:android-gif-drawable-library:1.1.15] AndroidManifest.xml:7:5-9:41
	tools:overrideLibrary
		ADDED from [com.android.support:support-v4:24.2.0] AndroidManifest.xml:23:9-51
	android:targetSdkVersion
		ADDED from src\main\AndroidManifest.xml:9:9-38
		INJECTED from src\main\AndroidManifest.xml
		INJECTED from src\main\AndroidManifest.xml
	android:minSdkVersion
		ADDED from src\main\AndroidManifest.xml:8:9-34
		INJECTED from src\main\AndroidManifest.xml
		INJECTED from src\main\AndroidManifest.xml
uses-permission#android.permission.INTERNET
ADDED from src\main\AndroidManifest.xml:11:5-83
	android:name
		ADDED from src\main\AndroidManifest.xml:11:22-64
uses-permission#android.permission.READ_PHONE_STATE
ADDED from src\main\AndroidManifest.xml:12:5-75
	android:name
		ADDED from src\main\AndroidManifest.xml:12:22-72
uses-permission#android.permission.READ_EXTERNAL_STORAGE
ADDED from src\main\AndroidManifest.xml:13:5-80
	android:name
		ADDED from src\main\AndroidManifest.xml:13:22-77
application
ADDED from src\main\AndroidManifest.xml:15:5-38:19
MERGED from [com.android.support:support-v4:24.2.0] AndroidManifest.xml:25:5-20
MERGED from [com.android.support:support-compat:24.2.0] AndroidManifest.xml:25:5-20
MERGED from [com.android.support:support-core-utils:24.2.0] AndroidManifest.xml:25:5-20
MERGED from [com.android.support:support-media-compat:24.2.0] AndroidManifest.xml:25:5-20
MERGED from [com.android.support:support-core-ui:24.2.0] AndroidManifest.xml:25:5-20
MERGED from [com.android.support:support-fragment:24.2.0] AndroidManifest.xml:25:5-20
	android:label
		ADDED from src\main\AndroidManifest.xml:18:9-41
	android:allowBackup
		ADDED from src\main\AndroidManifest.xml:16:9-35
	android:icon
		ADDED from src\main\AndroidManifest.xml:17:9-45
	android:theme
		ADDED from src\main\AndroidManifest.xml:19:9-40
activity#com.example.gif.LauncherActivity
ADDED from src\main\AndroidManifest.xml:20:9-28:20
	android:label
		ADDED from src\main\AndroidManifest.xml:22:13-45
	android:name
		ADDED from src\main\AndroidManifest.xml:21:13-45
intent-filter#android.intent.action.MAIN+android.intent.category.LAUNCHER
ADDED from src\main\AndroidManifest.xml:23:13-27:29
action#android.intent.action.MAIN
ADDED from src\main\AndroidManifest.xml:24:17-69
	android:name
		ADDED from src\main\AndroidManifest.xml:24:25-66
category#android.intent.category.LAUNCHER
ADDED from src\main\AndroidManifest.xml:26:17-77
	android:name
		ADDED from src\main\AndroidManifest.xml:26:27-74
activity#com.example.gif.GifActivity
ADDED from src\main\AndroidManifest.xml:29:9-48
	android:name
		ADDED from src\main\AndroidManifest.xml:29:19-46
activity#com.example.gif.GridViewActivity
ADDED from src\main\AndroidManifest.xml:30:9-32:15
	android:name
		ADDED from src\main\AndroidManifest.xml:31:13-45
activity#com.example.gif.ListViewActivity
ADDED from src\main\AndroidManifest.xml:34:9-37:20
	android:label
		ADDED from src\main\AndroidManifest.xml:36:13-45
	android:name
		ADDED from src\main\AndroidManifest.xml:35:13-45